<?xml version="1.0" encoding="UTF-8"?>
<coverage generated="1699033322977" clover="3.2.0">
  <project timestamp="1699033322977" name="All files">
    <metrics statements="31" coveredstatements="31" conditionals="15" coveredconditionals="13" methods="7" coveredmethods="4" elements="53" coveredelements="48" complexity="0" loc="31" ncloc="31" packages="1" files="1" classes="1"/>
    <file name="fizzbuzz.js" path="C:\Users\USUARIO\Desktop\repos\Ejercicios\fizzbuzz\fizzbuzz.js">
      <metrics statements="31" coveredstatements="31" conditionals="15" coveredconditionals="13" methods="7" coveredmethods="4"/>
      <line num="1" count="51" type="cond" truecount="1" falsecount="0"/>
      <line num="2" count="51" type="cond" truecount="2" falsecount="0"/>
      <line num="3" count="5" type="stmt"/>
      <line num="4" count="5" type="cond" truecount="1" falsecount="0"/>
      <line num="5" count="51" type="cond" truecount="1" falsecount="0"/>
      <line num="6" count="14" type="stmt"/>
      <line num="7" count="14" type="cond" truecount="1" falsecount="0"/>
      <line num="8" count="51" type="cond" truecount="1" falsecount="0"/>
      <line num="9" count="7" type="stmt"/>
      <line num="10" count="7" type="cond" truecount="1" falsecount="0"/>
      <line num="11" count="25" type="stmt"/>
      <line num="12" count="25" type="stmt"/>
      <line num="13" count="1" type="stmt"/>
      <line num="14" count="1" type="cond" truecount="1" falsecount="0"/>
      <line num="15" count="1" type="cond" truecount="1" falsecount="0"/>
      <line num="16" count="46" type="stmt"/>
      <line num="17" count="46" type="stmt"/>
      <line num="18" count="1" type="stmt"/>
      <line num="19" count="1" type="stmt"/>
      <line num="20" count="1" type="stmt"/>
      <line num="21" count="1" type="stmt"/>
      <line num="22" count="1" type="stmt"/>
      <line num="23" count="1" type="stmt"/>
      <line num="24" count="1" type="stmt"/>
      <line num="25" count="1" type="stmt"/>
      <line num="26" count="1" type="stmt"/>
      <line num="27" count="1" type="stmt"/>
      <line num="28" count="1" type="stmt"/>
      <line num="29" count="1" type="stmt"/>
      <line num="30" count="1" type="stmt"/>
      <line num="31" count="1" type="cond" truecount="3" falsecount="2"/>
    </file>
  </project>
</coverage>
