{"C:\\Users\\USUARIO\\Desktop\\repos\\Ejercicios\\fizzbuzz\\fizzbuzz.js": {"path":"C:\\Users\\USUARIO\\Desktop\\repos\\Ejercicios\\fizzbuzz\\fizzbuzz.js","all":false,"statementMap":{"0":{"start":{"line":1,"column":0},"end":{"line":1,"column":24}},"1":{"start":{"line":2,"column":0},"end":{"line":2,"column":39}},"2":{"start":{"line":3,"column":0},"end":{"line":3,"column":22}},"3":{"start":{"line":4,"column":0},"end":{"line":4,"column":3}},"4":{"start":{"line":5,"column":0},"end":{"line":5,"column":22}},"5":{"start":{"line":6,"column":0},"end":{"line":6,"column":18}},"6":{"start":{"line":7,"column":0},"end":{"line":7,"column":3}},"7":{"start":{"line":8,"column":0},"end":{"line":8,"column":22}},"8":{"start":{"line":9,"column":0},"end":{"line":9,"column":18}},"9":{"start":{"line":10,"column":0},"end":{"line":10,"column":3}},"10":{"start":{"line":11,"column":0},"end":{"line":11,"column":13}},"11":{"start":{"line":12,"column":0},"end":{"line":12,"column":1}},"12":{"start":{"line":13,"column":0},"end":{"line":13,"column":0}},"13":{"start":{"line":14,"column":0},"end":{"line":14,"column":21}},"14":{"start":{"line":15,"column":0},"end":{"line":15,"column":34}},"15":{"start":{"line":16,"column":0},"end":{"line":16,"column":95}},"16":{"start":{"line":17,"column":0},"end":{"line":17,"column":3}},"17":{"start":{"line":18,"column":0},"end":{"line":18,"column":1}},"18":{"start":{"line":19,"column":0},"end":{"line":19,"column":0}},"19":{"start":{"line":20,"column":0},"end":{"line":20,"column":10}},"20":{"start":{"line":21,"column":0},"end":{"line":21,"column":0}},"21":{"start":{"line":22,"column":0},"end":{"line":22,"column":0}},"22":{"start":{"line":23,"column":0},"end":{"line":23,"column":0}},"23":{"start":{"line":24,"column":0},"end":{"line":24,"column":26}},"24":{"start":{"line":25,"column":0},"end":{"line":25,"column":0}},"25":{"start":{"line":26,"column":0},"end":{"line":26,"column":0}},"26":{"start":{"line":27,"column":0},"end":{"line":27,"column":0}},"27":{"start":{"line":28,"column":0},"end":{"line":28,"column":0}},"28":{"start":{"line":29,"column":0},"end":{"line":29,"column":0}},"29":{"start":{"line":30,"column":0},"end":{"line":30,"column":0}},"30":{"start":{"line":31,"column":0},"end":{"line":31,"column":38425}}},"s":{"0":51,"1":51,"2":5,"3":5,"4":51,"5":14,"6":14,"7":51,"8":7,"9":7,"10":25,"11":25,"12":1,"13":1,"14":1,"15":46,"16":46,"17":1,"18":1,"19":1,"20":1,"21":1,"22":1,"23":1,"24":1,"25":1,"26":1,"27":1,"28":1,"29":1,"30":1},"branchMap":{"0":{"type":"branch","line":1,"loc":{"start":{"line":1,"column":0},"end":{"line":12,"column":1}},"locations":[{"start":{"line":1,"column":0},"end":{"line":12,"column":1}}]},"1":{"type":"branch","line":2,"loc":{"start":{"line":2,"column":19},"end":{"line":2,"column":36}},"locations":[{"start":{"line":2,"column":19},"end":{"line":2,"column":36}}]},"2":{"type":"branch","line":2,"loc":{"start":{"line":2,"column":38},"end":{"line":4,"column":3}},"locations":[{"start":{"line":2,"column":38},"end":{"line":4,"column":3}}]},"3":{"type":"branch","line":4,"loc":{"start":{"line":4,"column":2},"end":{"line":5,"column":21}},"locations":[{"start":{"line":4,"column":2},"end":{"line":5,"column":21}}]},"4":{"type":"branch","line":5,"loc":{"start":{"line":5,"column":21},"end":{"line":7,"column":3}},"locations":[{"start":{"line":5,"column":21},"end":{"line":7,"column":3}}]},"5":{"type":"branch","line":7,"loc":{"start":{"line":7,"column":2},"end":{"line":8,"column":21}},"locations":[{"start":{"line":7,"column":2},"end":{"line":8,"column":21}}]},"6":{"type":"branch","line":8,"loc":{"start":{"line":8,"column":21},"end":{"line":10,"column":3}},"locations":[{"start":{"line":8,"column":21},"end":{"line":10,"column":3}}]},"7":{"type":"branch","line":10,"loc":{"start":{"line":10,"column":2},"end":{"line":12,"column":1}},"locations":[{"start":{"line":10,"column":2},"end":{"line":12,"column":1}}]},"8":{"type":"branch","line":14,"loc":{"start":{"line":14,"column":0},"end":{"line":18,"column":1}},"locations":[{"start":{"line":14,"column":0},"end":{"line":18,"column":1}}]},"9":{"type":"branch","line":15,"loc":{"start":{"line":15,"column":33},"end":{"line":17,"column":3}},"locations":[{"start":{"line":15,"column":33},"end":{"line":17,"column":3}}]},"10":{"type":"branch","line":31,"loc":{"start":{"line":31,"column":21},"end":{"line":31,"column":37892}},"locations":[{"start":{"line":31,"column":21},"end":{"line":31,"column":37892}}]},"11":{"type":"branch","line":31,"loc":{"start":{"line":31,"column":86},"end":{"line":31,"column":37879}},"locations":[{"start":{"line":31,"column":86},"end":{"line":31,"column":37879}}]},"12":{"type":"branch","line":31,"loc":{"start":{"line":31,"column":37881},"end":{"line":31,"column":37891}},"locations":[{"start":{"line":31,"column":37881},"end":{"line":31,"column":37891}}]},"13":{"type":"branch","line":31,"loc":{"start":{"line":31,"column":37893},"end":{"line":31,"column":37966}},"locations":[{"start":{"line":31,"column":37893},"end":{"line":31,"column":37966}}]},"14":{"type":"branch","line":31,"loc":{"start":{"line":31,"column":37946},"end":{"line":31,"column":37957}},"locations":[{"start":{"line":31,"column":37946},"end":{"line":31,"column":37957}}]}},"b":{"0":[51],"1":[19],"2":[5],"3":[46],"4":[14],"5":[32],"6":[7],"7":[25],"8":[1],"9":[46],"10":[46],"11":[1],"12":[0],"13":[46],"14":[0]},"fnMap":{"0":{"name":"fizzbuzz","decl":{"start":{"line":1,"column":0},"end":{"line":12,"column":1}},"loc":{"start":{"line":1,"column":0},"end":{"line":12,"column":1}},"line":1},"1":{"name":"print","decl":{"start":{"line":14,"column":0},"end":{"line":18,"column":1}},"loc":{"start":{"line":14,"column":0},"end":{"line":18,"column":1}},"line":14},"2":{"name":"oo_cm","decl":{"start":{"line":31,"column":21},"end":{"line":31,"column":37892}},"loc":{"start":{"line":31,"column":21},"end":{"line":31,"column":37892}},"line":31},"3":{"name":"oo_oo","decl":{"start":{"line":31,"column":37893},"end":{"line":31,"column":37966}},"loc":{"start":{"line":31,"column":37893},"end":{"line":31,"column":37966}},"line":31},"4":{"name":"oo_tr","decl":{"start":{"line":31,"column":37967},"end":{"line":31,"column":38042}},"loc":{"start":{"line":31,"column":37967},"end":{"line":31,"column":38042}},"line":31},"5":{"name":"oo_ts","decl":{"start":{"line":31,"column":38043},"end":{"line":31,"column":38098}},"loc":{"start":{"line":31,"column":38043},"end":{"line":31,"column":38098}},"line":31},"6":{"name":"oo_te","decl":{"start":{"line":31,"column":38099},"end":{"line":31,"column":38157}},"loc":{"start":{"line":31,"column":38099},"end":{"line":31,"column":38157}},"line":31}},"f":{"0":51,"1":1,"2":46,"3":46,"4":0,"5":0,"6":0}}
}
