{"C:\\Users\\USUARIO\\Desktop\\repos\\Ejercicios\\fizzbuzz\\fizzbuzz.js": {"path":"C:\\Users\\USUARIO\\Desktop\\repos\\Ejercicios\\fizzbuzz\\fizzbuzz.js","all":false,"statementMap":{"0":{"start":{"line":1,"column":0},"end":{"line":1,"column":24}},"1":{"start":{"line":2,"column":0},"end":{"line":2,"column":39}},"2":{"start":{"line":3,"column":0},"end":{"line":3,"column":22}},"3":{"start":{"line":4,"column":0},"end":{"line":4,"column":3}},"4":{"start":{"line":5,"column":0},"end":{"line":5,"column":22}},"5":{"start":{"line":6,"column":0},"end":{"line":6,"column":18}},"6":{"start":{"line":7,"column":0},"end":{"line":7,"column":3}},"7":{"start":{"line":8,"column":0},"end":{"line":8,"column":22}},"8":{"start":{"line":9,"column":0},"end":{"line":9,"column":18}},"9":{"start":{"line":10,"column":0},"end":{"line":10,"column":3}},"10":{"start":{"line":11,"column":0},"end":{"line":11,"column":13}},"11":{"start":{"line":12,"column":0},"end":{"line":12,"column":1}},"12":{"start":{"line":13,"column":0},"end":{"line":13,"column":0}},"13":{"start":{"line":14,"column":0},"end":{"line":14,"column":26}}},"s":{"0":5,"1":5,"2":1,"3":1,"4":5,"5":2,"6":2,"7":5,"8":1,"9":1,"10":1,"11":1,"12":1,"13":1},"branchMap":{"0":{"type":"branch","line":1,"loc":{"start":{"line":1,"column":0},"end":{"line":12,"column":1}},"locations":[{"start":{"line":1,"column":0},"end":{"line":12,"column":1}}]},"1":{"type":"branch","line":2,"loc":{"start":{"line":2,"column":19},"end":{"line":2,"column":36}},"locations":[{"start":{"line":2,"column":19},"end":{"line":2,"column":36}}]},"2":{"type":"branch","line":2,"loc":{"start":{"line":2,"column":38},"end":{"line":4,"column":3}},"locations":[{"start":{"line":2,"column":38},"end":{"line":4,"column":3}}]},"3":{"type":"branch","line":4,"loc":{"start":{"line":4,"column":2},"end":{"line":5,"column":21}},"locations":[{"start":{"line":4,"column":2},"end":{"line":5,"column":21}}]},"4":{"type":"branch","line":5,"loc":{"start":{"line":5,"column":21},"end":{"line":8,"column":21}},"locations":[{"start":{"line":5,"column":21},"end":{"line":8,"column":21}}]},"5":{"type":"branch","line":8,"loc":{"start":{"line":8,"column":21},"end":{"line":12,"column":1}},"locations":[{"start":{"line":8,"column":21},"end":{"line":12,"column":1}}]}},"b":{"0":[5],"1":[3],"2":[1],"3":[4],"4":[2],"5":[1]},"fnMap":{"0":{"name":"fizzbuzz","decl":{"start":{"line":1,"column":0},"end":{"line":12,"column":1}},"loc":{"start":{"line":1,"column":0},"end":{"line":12,"column":1}},"line":1}},"f":{"0":5}}
}
