TN:
SF:fizzbuzz.js
FN:1,fizzbuzz
FN:14,print
FN:31,oo_cm
FN:31,oo_oo
FN:31,oo_tr
FN:31,oo_ts
FN:31,oo_te
FNF:7
FNH:4
FNDA:51,fizzbuzz
FNDA:1,print
FNDA:46,oo_cm
FNDA:46,oo_oo
FNDA:0,oo_tr
FNDA:0,oo_ts
FNDA:0,oo_te
DA:1,51
DA:2,51
DA:3,5
DA:4,5
DA:5,51
DA:6,14
DA:7,14
DA:8,51
DA:9,7
DA:10,7
DA:11,25
DA:12,25
DA:13,1
DA:14,1
DA:15,1
DA:16,46
DA:17,46
DA:18,1
DA:19,1
DA:20,1
DA:21,1
DA:22,1
DA:23,1
DA:24,1
DA:25,1
DA:26,1
DA:27,1
DA:28,1
DA:29,1
DA:30,1
DA:31,1
LF:31
LH:31
BRDA:1,0,0,51
BRDA:2,1,0,19
BRDA:2,2,0,5
BRDA:4,3,0,46
BRDA:5,4,0,14
BRDA:7,5,0,32
BRDA:8,6,0,7
BRDA:10,7,0,25
BRDA:14,8,0,1
BRDA:15,9,0,46
BRDA:31,10,0,46
BRDA:31,11,0,1
BRDA:31,12,0,0
BRDA:31,13,0,46
BRDA:31,14,0,0
BRF:15
BRH:13
end_of_record
